5216624045267:ENCOLADO ans_553c96cd-25ff-423a-8ff4-310e53f94a4d
EJECUTANDO:ans_553c96cd-25ff-423a-8ff4-310e53f94a4d
5216624045267:SUCCESS
5216624045267:ENCOLADO ans_60ad8eda-cecf-4b48-85f8-7f5a5d3c1e1c
EJECUTANDO:ans_60ad8eda-cecf-4b48-85f8-7f5a5d3c1e1c
5216624045267:SUCCESS
5216624045267:ENCOLADO ans_682cfceb-7874-4252-a360-9993ba188243
EJECUTANDO:ans_682cfceb-7874-4252-a360-9993ba188243
5216624045267:SUCCESS
5216624045267:ENCOLADO ans_8121b202-1948-4f4d-870a-ededf03dc3b3
EJECUTANDO:ans_8121b202-1948-4f4d-870a-ededf03dc3b3
5216624045267:SUCCESS
5216624045267:ENCOLADO ans_1446c228-cfce-42db-a235-df6e2f09e202
EJECUTANDO:ans_1446c228-cfce-42db-a235-df6e2f09e202
5216624045267:SUCCESS
5216624045267:ENCOLADO ans_6e4b1555-94c9-49e2-a7d4-c3ebd1fb74f1
EJECUTANDO:ans_6e4b1555-94c9-49e2-a7d4-c3ebd1fb74f1
5216624045267:SUCCESS
5216624045267:ENCOLADO ans_6b913fa4-e568-4e61-9d90-0acd0d1d220b
EJECUTANDO:ans_6b913fa4-e568-4e61-9d90-0acd0d1d220b
5216624045267:SUCCESS
5216624045267:ENCOLADO ans_c137d0f2-ffb8-44d3-9697-c596eb1b3df3
EJECUTANDO:ans_c137d0f2-ffb8-44d3-9697-c596eb1b3df3
5216624045267:SUCCESS
5216624045267:ENCOLADO ans_131d0e4f-954c-48c0-8424-3b90b5d949d5
EJECUTANDO:ans_131d0e4f-954c-48c0-8424-3b90b5d949d5
5216624045267:SUCCESS
5216624045267:ENCOLADO ans_bc30b9fb-d47b-4a26-9d6f-591dd6945866
EJECUTANDO:ans_bc30b9fb-d47b-4a26-9d6f-591dd6945866
5216624045267:SUCCESS
5216624045267:ENCOLADO ans_553c96cd-25ff-423a-8ff4-310e53f94a4d
EJECUTANDO:ans_553c96cd-25ff-423a-8ff4-310e53f94a4d
5216624045267:SUCCESS
5216624045267:ENCOLADO ans_60ad8eda-cecf-4b48-85f8-7f5a5d3c1e1c
EJECUTANDO:ans_60ad8eda-cecf-4b48-85f8-7f5a5d3c1e1c
5216624045267:SUCCESS
5216624045267:ENCOLADO ans_682cfceb-7874-4252-a360-9993ba188243
EJECUTANDO:ans_682cfceb-7874-4252-a360-9993ba188243
5216624045267:SUCCESS
5216624045267:ENCOLADO ans_8121b202-1948-4f4d-870a-ededf03dc3b3
EJECUTANDO:ans_8121b202-1948-4f4d-870a-ededf03dc3b3
5216624045267:SUCCESS
5216624045267:ENCOLADO ans_1446c228-cfce-42db-a235-df6e2f09e202
EJECUTANDO:ans_1446c228-cfce-42db-a235-df6e2f09e202
5216624045267:SUCCESS
